{
  "stats": {
    "suites": 1,
    "tests": 1,
    "passes": 0,
    "pending": 0,
    "failures": 1,
    "start": "2024-06-02T12:59:27.620Z",
    "end": "2024-06-02T12:59:29.140Z",
    "duration": 1520,
    "testsRegistered": 1,
    "passPercent": 0,
    "pendingPercent": 0,
    "other": 0,
    "hasOther": false,
    "skipped": 0,
    "hasSkipped": false
  },
  "results": [
    {
      "uuid": "d79b40c7-48c9-45c3-83f1-c236d7cb0a9e",
      "title": "",
      "fullFile": "cypress\\integration\\examples\\APITest.js",
      "file": "cypress\\integration\\examples\\APITest.js",
      "beforeHooks": [],
      "afterHooks": [],
      "tests": [],
      "suites": [
        {
          "uuid": "11869468-2049-4b65-ad3a-7d2dc289564e",
          "title": "Test API",
          "fullFile": "",
          "file": "",
          "beforeHooks": [],
          "afterHooks": [],
          "tests": [
            {
              "title": "API Test:",
              "fullTitle": "Test API API Test:",
              "timedOut": null,
              "duration": 475,
              "state": "failed",
              "speed": null,
              "pass": false,
              "fail": true,
              "pending": false,
              "context": "{\n  \"title\": \"cypress-mochawesome-reporter-screenshots\",\n  \"value\": [\n    [\n      \"\\\\APITest.js\\\\Test API -- API Test (failed).png\"\n    ],\n    [\n      \"\\\\APITest.js\\\\Test API -- API Test (failed) (attempt 2).png\"\n    ]\n  ]\n}",
              "code": "cy.request('POST', 'http://216.10.245.166/Library/Addbook.php', {\n  \"name\": \"Learn Appium Automation with Java\",\n  \"isbn\": \"bcdgh\",\n  \"aisle\": \"2279\",\n  \"author\": \"John foe\"\n}).then(function (response) {\n  expect(response.body).to.have.property(\"Msg\", \"successfully added\");\n  expect(response.status).to.eq(200);\n});",
              "err": {
                "message": "AssertionError: expected { Object (Msg, ID) } to have property 'Msg' of 'successfully added', but got 'Book Already Exists'",
                "estack": "AssertionError: expected { Object (Msg, ID) } to have property 'Msg' of 'successfully added', but got 'Book Already Exists'\n    at Context.eval (cypress/integration/examples/APITest.js:15:41)",
                "diff": "- 'Book Already Exists'\n+ 'successfully added'\n"
              },
              "uuid": "e674d46b-d69f-465e-8fb1-46e083becfea",
              "parentUUID": "11869468-2049-4b65-ad3a-7d2dc289564e",
              "isHook": false,
              "skipped": false
            }
          ],
          "suites": [],
          "passes": [],
          "failures": [
            "e674d46b-d69f-465e-8fb1-46e083becfea"
          ],
          "pending": [],
          "skipped": [],
          "duration": 475,
          "root": false,
          "rootEmpty": false,
          "_timeout": 2000
        }
      ],
      "passes": [],
      "failures": [],
      "pending": [],
      "skipped": [],
      "duration": 0,
      "root": true,
      "rootEmpty": true,
      "_timeout": 2000
    }
  ],
  "meta": {
    "mocha": {
      "version": "7.0.1"
    },
    "mochawesome": {
      "options": {
        "quiet": false,
        "reportFilename": "mochawesome",
        "saveHtml": false,
        "saveJson": true,
        "consoleReporter": "spec",
        "useInlineDiffs": false,
        "code": true
      },
      "version": "7.1.3"
    },
    "marge": {
      "options": {
        "overwrite": false,
        "html": false,
        "json": true,
        "reportDir": "cypress\\reports\\html\\.jsons"
      },
      "version": "6.2.0"
    }
  }
}