{
  "stats": {
    "suites": 1,
    "tests": 1,
    "passes": 1,
    "pending": 0,
    "failures": 0,
    "start": "2024-06-10T06:38:00.478Z",
    "end": "2024-06-10T06:38:10.984Z",
    "duration": 10506,
    "testsRegistered": 1,
    "passPercent": 100,
    "pendingPercent": 0,
    "other": 0,
    "hasOther": false,
    "skipped": 0,
    "hasSkipped": false
  },
  "results": [
    {
      "uuid": "6cb5c463-b3f0-4b3f-b995-bb163b808353",
      "title": "",
      "fullFile": "cypress\\integration\\examples\\TestFramework-1.js",
      "file": "cypress\\integration\\examples\\TestFramework-1.js",
      "beforeHooks": [],
      "afterHooks": [],
      "tests": [],
      "suites": [
        {
          "uuid": "e4b3d4d0-e558-48ba-b115-fed56b5839bd",
          "title": "Framework-1 test suite",
          "fullFile": "",
          "file": "",
          "beforeHooks": [],
          "afterHooks": [],
          "tests": [
            {
              "title": "Framework-1 test case:",
              "fullTitle": "Framework-1 test suite Framework-1 test case:",
              "timedOut": null,
              "duration": 7936,
              "state": "passed",
              "speed": "medium",
              "pass": true,
              "fail": false,
              "pending": false,
              "context": null,
              "code": "Cypress.config('defaultCommandTimeout', 8000); // defining wait time only for this test case\nvar homePage = new _HomePage[\"default\"]();\nvar productPage = new _ProductPage[\"default\"]();\ncy.visit(Cypress.env('BaseUrl') + \"/angularpractice/\");\nhomePage.getEditBox().type(this.data.name); //putting the name in the first text box\nhomePage.getGender().select(this.data.gender); //selecting the gender from the dropdown list\n///Assertions\nhomePage.getTwoWayDataBinding().should('have.value', this.data.name); // Checking the name is same or not in the two text boxes\nhomePage.getEditBox().should('have.attr', 'minlength', '2'); // Checking whether the required minimum character length is 2 or not\nhomePage.getEntrepreneaur().should('be.disabled'); // Checking the radio button is disabled or not\nCypress.config('defaultCommandTimeout', 8000); // defining wait time only for this test case\n//cy.pause()\nhomePage.getShopTab().click(); //navigating to product list by clicking 'Shop' button\nthis.data.productName.forEach(function (element)\n//iterating each phone from the array/list\n{\n  cy.SelectProduct(element); //calling the custom method SelectProduct everytime\n});\nproductPage.checkOut().click(); // clicking on the checkout button [Top Right]\n///Subototal/Total off all prices -Starts\nvar subTotal = 0;\ncy.get('tr td:nth-child(4) strong').each(function ($el, index, $list) {\n  var totalPrice = $el.text();\n  var result = totalPrice.split(\" \");\n  result = result[1].trim();\n  subTotal = Number(subTotal) + Number(result);\n}).then(function () {\n  cy.log(subTotal);\n});\n///Subototal/Total off all prices -Ends\ncy.get('h3 strong').each(function (element, index, $list) {\n  var actualTotal = element.text();\n  var result1 = actualTotal.split(\" \");\n  var displayedTotal = result1[1].trim();\n  expect(Number(displayedTotal)).to.equal(subTotal);\n});\ncy.contains(\"Checkout\").click(); // clicking on the checkout button [To proceed checkout]\ncy.get(\"#country\").type('India'); //Typing the country name (Bangladesh)\ncy.get('.suggestions > ul > li > a').should('be.visible').click(); //click the searched country (Bangladesh)\ncy.get('#checkbox2').click({\n  force: true\n}); // Clicking on the checkbox\ncy.get(\"input[type='submit']\").click(); //clicking on purchase button\n///Assertions\ncy.get('.alert').then(function (element) {\n  var actualText = element.text();\n  expect(actualText.includes(\"Success\")).to.be[\"true\"];\n});",
              "err": {},
              "uuid": "50baa477-98c4-45e3-90a1-de893cb0fef5",
              "parentUUID": "e4b3d4d0-e558-48ba-b115-fed56b5839bd",
              "isHook": false,
              "skipped": false
            }
          ],
          "suites": [],
          "passes": [
            "50baa477-98c4-45e3-90a1-de893cb0fef5"
          ],
          "failures": [],
          "pending": [],
          "skipped": [],
          "duration": 7936,
          "root": false,
          "rootEmpty": false,
          "_timeout": 2000
        }
      ],
      "passes": [],
      "failures": [],
      "pending": [],
      "skipped": [],
      "duration": 0,
      "root": true,
      "rootEmpty": true,
      "_timeout": 2000
    }
  ],
  "meta": {
    "mocha": {
      "version": "7.0.1"
    },
    "mochawesome": {
      "options": {
        "quiet": false,
        "reportFilename": "mochawesome",
        "saveHtml": false,
        "saveJson": true,
        "consoleReporter": "spec",
        "useInlineDiffs": false,
        "code": true
      },
      "version": "7.1.3"
    },
    "marge": {
      "options": {
        "overwrite": false,
        "html": false,
        "json": true,
        "reportDir": "cypress\\reports\\html\\.jsons"
      },
      "version": "6.2.0"
    }
  }
}